<?xml version="1.0" encoding="UTF-8"?>
<coverage generated="1718835886760" clover="3.2.0">
  <project timestamp="1718835886760" name="All files">
    <metrics statements="30" coveredstatements="28" conditionals="18" coveredconditionals="12" methods="9" coveredmethods="9" elements="57" coveredelements="49" complexity="0" loc="30" ncloc="30" packages="1" files="1" classes="1"/>
    <file name="playFunctions.js" path="/home/tgustafson/repos/jest-playground/src/playFunctions.js">
      <metrics statements="30" coveredstatements="28" conditionals="18" coveredconditionals="12" methods="9" coveredmethods="9"/>
      <line num="2" count="1" type="cond" truecount="1" falsecount="1"/>
      <line num="3" count="0" type="stmt"/>
      <line num="5" count="1" type="stmt"/>
      <line num="9" count="1" type="stmt"/>
      <line num="12" count="1" type="stmt"/>
      <line num="14" count="1" type="stmt"/>
      <line num="17" count="1" type="stmt"/>
      <line num="20" count="1" type="stmt"/>
      <line num="23" count="1" type="stmt"/>
      <line num="25" count="1" type="stmt"/>
      <line num="29" count="3" type="stmt"/>
      <line num="30" count="3" type="stmt"/>
      <line num="31" count="21" type="cond" truecount="2" falsecount="0"/>
      <line num="37" count="3" type="stmt"/>
      <line num="39" count="18" type="cond" truecount="1" falsecount="1"/>
      <line num="43" count="0" type="stmt"/>
      <line num="49" count="18" type="stmt"/>
      <line num="57" count="3" type="stmt"/>
      <line num="61" count="1" type="cond" truecount="1" falsecount="1"/>
      <line num="62" count="1" type="stmt"/>
      <line num="63" count="1" type="stmt"/>
      <line num="64" count="1" type="stmt"/>
      <line num="65" count="1" type="stmt"/>
      <line num="66" count="1" type="stmt"/>
      <line num="67" count="5" type="stmt"/>
      <line num="68" count="5" type="stmt"/>
      <line num="69" count="5" type="stmt"/>
      <line num="71" count="1" type="stmt"/>
      <line num="72" count="1" type="stmt"/>
      <line num="75" count="1" type="stmt"/>
    </file>
  </project>
</coverage>
