{"/home/tgustafson/repos/jest-playground/src/playFunctions.js": {"path":"/home/tgustafson/repos/jest-playground/src/playFunctions.js","statementMap":{"0":{"start":{"line":2,"column":2},"end":{"line":4,"column":3}},"1":{"start":{"line":3,"column":4},"end":{"line":3,"column":14}},"2":{"start":{"line":5,"column":2},"end":{"line":5,"column":54}},"3":{"start":{"line":9,"column":2},"end":{"line":9,"column":42}},"4":{"start":{"line":12,"column":11},"end":{"line":26,"column":4}},"5":{"start":{"line":14,"column":4},"end":{"line":14,"column":23}},"6":{"start":{"line":17,"column":4},"end":{"line":17,"column":23}},"7":{"start":{"line":20,"column":4},"end":{"line":20,"column":23}},"8":{"start":{"line":23,"column":4},"end":{"line":23,"column":23}},"9":{"start":{"line":25,"column":2},"end":{"line":25,"column":33}},"10":{"start":{"line":29,"column":15},"end":{"line":29,"column":17}},"11":{"start":{"line":30,"column":2},"end":{"line":56,"column":3}},"12":{"start":{"line":30,"column":15},"end":{"line":30,"column":16}},"13":{"start":{"line":31,"column":4},"end":{"line":55,"column":5}},"14":{"start":{"line":37,"column":6},"end":{"line":37,"column":30}},"15":{"start":{"line":39,"column":6},"end":{"line":54,"column":7}},"16":{"start":{"line":43,"column":8},"end":{"line":47,"column":10}},"17":{"start":{"line":49,"column":8},"end":{"line":53,"column":10}},"18":{"start":{"line":57,"column":2},"end":{"line":57,"column":16}},"19":{"start":{"line":61,"column":2},"end":{"line":61,"column":34}},"20":{"start":{"line":61,"column":24},"end":{"line":61,"column":34}},"21":{"start":{"line":62,"column":16},"end":{"line":62,"column":22}},"22":{"start":{"line":63,"column":12},"end":{"line":63,"column":18}},"23":{"start":{"line":64,"column":12},"end":{"line":64,"column":18}},"24":{"start":{"line":65,"column":15},"end":{"line":65,"column":25}},"25":{"start":{"line":66,"column":2},"end":{"line":70,"column":3}},"26":{"start":{"line":66,"column":15},"end":{"line":66,"column":16}},"27":{"start":{"line":67,"column":4},"end":{"line":67,"column":32}},"28":{"start":{"line":68,"column":4},"end":{"line":68,"column":32}},"29":{"start":{"line":69,"column":4},"end":{"line":69,"column":22}},"30":{"start":{"line":71,"column":2},"end":{"line":71,"column":20}},"31":{"start":{"line":72,"column":2},"end":{"line":72,"column":39}},"32":{"start":{"line":75,"column":0},"end":{"line":81,"column":2}}},"fnMap":{"0":{"name":"capitalize","decl":{"start":{"line":1,"column":9},"end":{"line":1,"column":19}},"loc":{"start":{"line":1,"column":25},"end":{"line":6,"column":1}},"line":1},"1":{"name":"reverseStr","decl":{"start":{"line":8,"column":9},"end":{"line":8,"column":19}},"loc":{"start":{"line":8,"column":25},"end":{"line":10,"column":1}},"line":8},"2":{"name":"(anonymous_2)","decl":{"start":{"line":12,"column":12},"end":{"line":12,"column":13}},"loc":{"start":{"line":12,"column":24},"end":{"line":26,"column":1}},"line":12},"3":{"name":"add","decl":{"start":{"line":13,"column":11},"end":{"line":13,"column":14}},"loc":{"start":{"line":13,"column":27},"end":{"line":15,"column":3}},"line":13},"4":{"name":"div","decl":{"start":{"line":16,"column":11},"end":{"line":16,"column":14}},"loc":{"start":{"line":16,"column":27},"end":{"line":18,"column":3}},"line":16},"5":{"name":"sub","decl":{"start":{"line":19,"column":11},"end":{"line":19,"column":14}},"loc":{"start":{"line":19,"column":27},"end":{"line":21,"column":3}},"line":19},"6":{"name":"mult","decl":{"start":{"line":22,"column":11},"end":{"line":22,"column":15}},"loc":{"start":{"line":22,"column":28},"end":{"line":24,"column":3}},"line":22},"7":{"name":"caesarCipher","decl":{"start":{"line":28,"column":9},"end":{"line":28,"column":21}},"loc":{"start":{"line":28,"column":34},"end":{"line":58,"column":1}},"line":28},"8":{"name":"analyzeArray","decl":{"start":{"line":60,"column":9},"end":{"line":60,"column":21}},"loc":{"start":{"line":60,"column":27},"end":{"line":73,"column":1}},"line":60}},"branchMap":{"0":{"loc":{"start":{"line":2,"column":2},"end":{"line":4,"column":3}},"type":"if","locations":[{"start":{"line":2,"column":2},"end":{"line":4,"column":3}},{"start":{},"end":{}}],"line":2},"1":{"loc":{"start":{"line":31,"column":4},"end":{"line":55,"column":5}},"type":"if","locations":[{"start":{"line":31,"column":4},"end":{"line":55,"column":5}},{"start":{"line":38,"column":11},"end":{"line":55,"column":5}}],"line":31},"2":{"loc":{"start":{"line":32,"column":6},"end":{"line":35,"column":48}},"type":"binary-expr","locations":[{"start":{"line":32,"column":7},"end":{"line":32,"column":46}},{"start":{"line":33,"column":8},"end":{"line":33,"column":47}},{"start":{"line":34,"column":7},"end":{"line":34,"column":46}},{"start":{"line":35,"column":8},"end":{"line":35,"column":47}}],"line":32},"3":{"loc":{"start":{"line":39,"column":6},"end":{"line":54,"column":7}},"type":"if","locations":[{"start":{"line":39,"column":6},"end":{"line":54,"column":7}},{"start":{"line":48,"column":13},"end":{"line":54,"column":7}}],"line":39},"4":{"loc":{"start":{"line":40,"column":8},"end":{"line":41,"column":47}},"type":"binary-expr","locations":[{"start":{"line":40,"column":8},"end":{"line":40,"column":47}},{"start":{"line":41,"column":8},"end":{"line":41,"column":47}}],"line":40},"5":{"loc":{"start":{"line":44,"column":10},"end":{"line":46,"column":40}},"type":"cond-expr","locations":[{"start":{"line":45,"column":14},"end":{"line":45,"column":45}},{"start":{"line":46,"column":14},"end":{"line":46,"column":40}}],"line":44},"6":{"loc":{"start":{"line":50,"column":10},"end":{"line":52,"column":40}},"type":"cond-expr","locations":[{"start":{"line":51,"column":14},"end":{"line":51,"column":45}},{"start":{"line":52,"column":14},"end":{"line":52,"column":40}}],"line":50},"7":{"loc":{"start":{"line":61,"column":2},"end":{"line":61,"column":34}},"type":"if","locations":[{"start":{"line":61,"column":2},"end":{"line":61,"column":34}},{"start":{},"end":{}}],"line":61}},"s":{"0":1,"1":0,"2":1,"3":1,"4":1,"5":1,"6":1,"7":1,"8":1,"9":1,"10":3,"11":3,"12":3,"13":21,"14":3,"15":18,"16":0,"17":18,"18":3,"19":1,"20":0,"21":1,"22":1,"23":1,"24":1,"25":1,"26":1,"27":5,"28":5,"29":5,"30":1,"31":1,"32":1},"f":{"0":1,"1":1,"2":1,"3":1,"4":1,"5":1,"6":1,"7":3,"8":1},"b":{"0":[0,1],"1":[3,18],"2":[21,18,16,13],"3":[0,18],"4":[18,0],"5":[0,0],"6":[3,15],"7":[0,1]},"_coverageSchema":"1a1c01bbd47fc00a2c39e90264f33305004495a9","hash":"4abed256f1b0d3b3c35af0473fd8fcf024700c03"}
}
