TN:
SF:src/playFunctions.js
FN:1,capitalize
FN:8,reverseStr
FN:12,(anonymous_2)
FN:13,add
FN:16,div
FN:19,sub
FN:22,mult
FN:28,caesarCipher
FN:60,analyzeArray
FNF:9
FNH:9
FNDA:1,capitalize
FNDA:1,reverseStr
FNDA:1,(anonymous_2)
FNDA:1,add
FNDA:1,div
FNDA:1,sub
FNDA:1,mult
FNDA:3,caesarCipher
FNDA:1,analyzeArray
DA:2,1
DA:3,0
DA:5,1
DA:9,1
DA:12,1
DA:14,1
DA:17,1
DA:20,1
DA:23,1
DA:25,1
DA:29,3
DA:30,3
DA:31,21
DA:37,3
DA:39,18
DA:43,0
DA:49,18
DA:57,3
DA:61,1
DA:62,1
DA:63,1
DA:64,1
DA:65,1
DA:66,1
DA:67,5
DA:68,5
DA:69,5
DA:71,1
DA:72,1
DA:75,1
LF:30
LH:28
BRDA:2,0,0,0
BRDA:2,0,1,1
BRDA:31,1,0,3
BRDA:31,1,1,18
BRDA:32,2,0,21
BRDA:32,2,1,18
BRDA:32,2,2,16
BRDA:32,2,3,13
BRDA:39,3,0,0
BRDA:39,3,1,18
BRDA:40,4,0,18
BRDA:40,4,1,0
BRDA:44,5,0,0
BRDA:44,5,1,0
BRDA:50,6,0,3
BRDA:50,6,1,15
BRDA:61,7,0,0
BRDA:61,7,1,1
BRF:18
BRH:12
end_of_record
